{"D:\\All About Programing\\microverse\\WithinMicroverse\\JavaScript and Networking\\Week 2\\day2\\Todo_List\\src\\changeTaskStatus.js": {"path":"D:\\All About Programing\\microverse\\WithinMicroverse\\JavaScript and Networking\\Week 2\\day2\\Todo_List\\src\\changeTaskStatus.js","statementMap":{"0":{"start":{"line":4,"column":24},"end":{"line":13,"column":5}},"1":{"start":{"line":5,"column":20},"end":{"line":5,"column":103}},"2":{"start":{"line":6,"column":20},"end":{"line":6,"column":67}},"3":{"start":{"line":7,"column":6},"end":{"line":11,"column":9}},"4":{"start":{"line":8,"column":8},"end":{"line":10,"column":9}},"5":{"start":{"line":9,"column":10},"end":{"line":9,"column":34}},"6":{"start":{"line":12,"column":6},"end":{"line":12,"column":59}},"7":{"start":{"line":15,"column":27},"end":{"line":24,"column":5}},"8":{"start":{"line":16,"column":20},"end":{"line":16,"column":103}},"9":{"start":{"line":17,"column":20},"end":{"line":17,"column":67}},"10":{"start":{"line":18,"column":6},"end":{"line":22,"column":9}},"11":{"start":{"line":19,"column":8},"end":{"line":21,"column":9}},"12":{"start":{"line":20,"column":10},"end":{"line":20,"column":35}},"13":{"start":{"line":23,"column":6},"end":{"line":23,"column":59}},"14":{"start":{"line":26,"column":21},"end":{"line":32,"column":5}},"15":{"start":{"line":27,"column":18},"end":{"line":27,"column":19}},"16":{"start":{"line":28,"column":6},"end":{"line":31,"column":9}},"17":{"start":{"line":29,"column":8},"end":{"line":29,"column":27}},"18":{"start":{"line":30,"column":8},"end":{"line":30,"column":19}},"19":{"start":{"line":34,"column":24},"end":{"line":39,"column":5}},"20":{"start":{"line":35,"column":20},"end":{"line":35,"column":67}},"21":{"start":{"line":36,"column":26},"end":{"line":36,"column":67}},"22":{"start":{"line":36,"column":49},"end":{"line":36,"column":66}},"23":{"start":{"line":37,"column":6},"end":{"line":37,"column":39}},"24":{"start":{"line":38,"column":6},"end":{"line":38,"column":65}},"25":{"start":{"line":41,"column":22},"end":{"line":47,"column":5}},"26":{"start":{"line":42,"column":28},"end":{"line":42,"column":75}},"27":{"start":{"line":43,"column":6},"end":{"line":46,"column":9}},"28":{"start":{"line":44,"column":27},"end":{"line":44,"column":74}},"29":{"start":{"line":45,"column":8},"end":{"line":45,"column":31}},"30":{"start":{"line":50,"column":25},"end":{"line":50,"column":52}}},"fnMap":{"0":{"name":"(anonymous_0)","decl":{"start":{"line":4,"column":24},"end":{"line":4,"column":25}},"loc":{"start":{"line":4,"column":35},"end":{"line":13,"column":5}},"line":4},"1":{"name":"(anonymous_1)","decl":{"start":{"line":7,"column":20},"end":{"line":7,"column":21}},"loc":{"start":{"line":7,"column":30},"end":{"line":11,"column":7}},"line":7},"2":{"name":"(anonymous_2)","decl":{"start":{"line":15,"column":27},"end":{"line":15,"column":28}},"loc":{"start":{"line":15,"column":38},"end":{"line":24,"column":5}},"line":15},"3":{"name":"(anonymous_3)","decl":{"start":{"line":18,"column":20},"end":{"line":18,"column":21}},"loc":{"start":{"line":18,"column":30},"end":{"line":22,"column":7}},"line":18},"4":{"name":"(anonymous_4)","decl":{"start":{"line":26,"column":21},"end":{"line":26,"column":22}},"loc":{"start":{"line":26,"column":36},"end":{"line":32,"column":5}},"line":26},"5":{"name":"(anonymous_5)","decl":{"start":{"line":28,"column":24},"end":{"line":28,"column":25}},"loc":{"start":{"line":28,"column":34},"end":{"line":31,"column":7}},"line":28},"6":{"name":"(anonymous_6)","decl":{"start":{"line":34,"column":24},"end":{"line":34,"column":25}},"loc":{"start":{"line":34,"column":30},"end":{"line":39,"column":5}},"line":34},"7":{"name":"(anonymous_7)","decl":{"start":{"line":36,"column":39},"end":{"line":36,"column":40}},"loc":{"start":{"line":36,"column":49},"end":{"line":36,"column":66}},"line":36},"8":{"name":"(anonymous_8)","decl":{"start":{"line":41,"column":22},"end":{"line":41,"column":23}},"loc":{"start":{"line":41,"column":28},"end":{"line":47,"column":5}},"line":41},"9":{"name":"(anonymous_9)","decl":{"start":{"line":43,"column":28},"end":{"line":43,"column":29}},"loc":{"start":{"line":43,"column":38},"end":{"line":46,"column":7}},"line":43}},"branchMap":{"0":{"loc":{"start":{"line":6,"column":20},"end":{"line":6,"column":67}},"type":"binary-expr","locations":[{"start":{"line":6,"column":20},"end":{"line":6,"column":61}},{"start":{"line":6,"column":65},"end":{"line":6,"column":67}}],"line":6},"1":{"loc":{"start":{"line":8,"column":8},"end":{"line":10,"column":9}},"type":"if","locations":[{"start":{"line":8,"column":8},"end":{"line":10,"column":9}},{"start":{},"end":{}}],"line":8},"2":{"loc":{"start":{"line":17,"column":20},"end":{"line":17,"column":67}},"type":"binary-expr","locations":[{"start":{"line":17,"column":20},"end":{"line":17,"column":61}},{"start":{"line":17,"column":65},"end":{"line":17,"column":67}}],"line":17},"3":{"loc":{"start":{"line":19,"column":8},"end":{"line":21,"column":9}},"type":"if","locations":[{"start":{"line":19,"column":8},"end":{"line":21,"column":9}},{"start":{},"end":{}}],"line":19},"4":{"loc":{"start":{"line":35,"column":20},"end":{"line":35,"column":67}},"type":"binary-expr","locations":[{"start":{"line":35,"column":20},"end":{"line":35,"column":61}},{"start":{"line":35,"column":65},"end":{"line":35,"column":67}}],"line":35}},"s":{"0":1,"1":1,"2":1,"3":1,"4":2,"5":1,"6":1,"7":1,"8":0,"9":0,"10":0,"11":0,"12":0,"13":0,"14":1,"15":2,"16":2,"17":2,"18":2,"19":1,"20":2,"21":2,"22":4,"23":2,"24":2,"25":1,"26":0,"27":0,"28":0,"29":0,"30":1},"f":{"0":1,"1":2,"2":0,"3":0,"4":2,"5":2,"6":2,"7":4,"8":0,"9":0},"b":{"0":[1,0],"1":[1,1],"2":[0,0],"3":[0,0],"4":[2,1]},"_coverageSchema":"1a1c01bbd47fc00a2c39e90264f33305004495a9","hash":"3c2c23a0cfa3c13dc9ea98cc64cd4783e4f83e75"}
,"D:\\All About Programing\\microverse\\WithinMicroverse\\JavaScript and Networking\\Week 2\\day2\\Todo_List\\src\\crud.js": {"path":"D:\\All About Programing\\microverse\\WithinMicroverse\\JavaScript and Networking\\Week 2\\day2\\Todo_List\\src\\crud.js","statementMap":{"0":{"start":{"line":2,"column":24},"end":{"line":6,"column":3}},"1":{"start":{"line":3,"column":4},"end":{"line":5,"column":5}},"2":{"start":{"line":4,"column":6},"end":{"line":4,"column":26}},"3":{"start":{"line":8,"column":21},"end":{"line":13,"column":3}},"4":{"start":{"line":9,"column":23},"end":{"line":9,"column":98}},"5":{"start":{"line":10,"column":4},"end":{"line":12,"column":5}},"6":{"start":{"line":11,"column":6},"end":{"line":11,"column":26}},"7":{"start":{"line":15,"column":12},"end":{"line":26,"column":3}},"8":{"start":{"line":16,"column":21},"end":{"line":16,"column":96}},"9":{"start":{"line":17,"column":18},"end":{"line":17,"column":65}},"10":{"start":{"line":18,"column":17},"end":{"line":22,"column":5}},"11":{"start":{"line":23,"column":4},"end":{"line":23,"column":21}},"12":{"start":{"line":24,"column":4},"end":{"line":24,"column":57}},"13":{"start":{"line":25,"column":4},"end":{"line":25,"column":20}},"14":{"start":{"line":28,"column":15},"end":{"line":34,"column":3}},"15":{"start":{"line":29,"column":18},"end":{"line":29,"column":101}},"16":{"start":{"line":30,"column":18},"end":{"line":30,"column":65}},"17":{"start":{"line":31,"column":28},"end":{"line":31,"column":86}},"18":{"start":{"line":31,"column":51},"end":{"line":31,"column":85}},"19":{"start":{"line":32,"column":4},"end":{"line":32,"column":41}},"20":{"start":{"line":33,"column":4},"end":{"line":33,"column":67}},"21":{"start":{"line":36,"column":13},"end":{"line":46,"column":3}},"22":{"start":{"line":37,"column":18},"end":{"line":37,"column":101}},"23":{"start":{"line":38,"column":27},"end":{"line":38,"column":94}},"24":{"start":{"line":39,"column":18},"end":{"line":39,"column":65}},"25":{"start":{"line":40,"column":4},"end":{"line":44,"column":7}},"26":{"start":{"line":41,"column":6},"end":{"line":43,"column":7}},"27":{"start":{"line":42,"column":8},"end":{"line":42,"column":42}},"28":{"start":{"line":45,"column":4},"end":{"line":45,"column":57}},"29":{"start":{"line":48,"column":19},"end":{"line":54,"column":3}},"30":{"start":{"line":49,"column":16},"end":{"line":49,"column":17}},"31":{"start":{"line":50,"column":4},"end":{"line":53,"column":7}},"32":{"start":{"line":51,"column":6},"end":{"line":51,"column":25}},"33":{"start":{"line":52,"column":6},"end":{"line":52,"column":17}},"34":{"start":{"line":57,"column":22},"end":{"line":57,"column":46}}},"fnMap":{"0":{"name":"(anonymous_0)","decl":{"start":{"line":2,"column":24},"end":{"line":2,"column":25}},"loc":{"start":{"line":2,"column":35},"end":{"line":6,"column":3}},"line":2},"1":{"name":"(anonymous_1)","decl":{"start":{"line":8,"column":21},"end":{"line":8,"column":22}},"loc":{"start":{"line":8,"column":32},"end":{"line":13,"column":3}},"line":8},"2":{"name":"(anonymous_2)","decl":{"start":{"line":15,"column":12},"end":{"line":15,"column":13}},"loc":{"start":{"line":15,"column":23},"end":{"line":26,"column":3}},"line":15},"3":{"name":"(anonymous_3)","decl":{"start":{"line":28,"column":15},"end":{"line":28,"column":16}},"loc":{"start":{"line":28,"column":26},"end":{"line":34,"column":3}},"line":28},"4":{"name":"(anonymous_4)","decl":{"start":{"line":31,"column":41},"end":{"line":31,"column":42}},"loc":{"start":{"line":31,"column":51},"end":{"line":31,"column":85}},"line":31},"5":{"name":"(anonymous_5)","decl":{"start":{"line":36,"column":13},"end":{"line":36,"column":14}},"loc":{"start":{"line":36,"column":24},"end":{"line":46,"column":3}},"line":36},"6":{"name":"(anonymous_6)","decl":{"start":{"line":40,"column":18},"end":{"line":40,"column":19}},"loc":{"start":{"line":40,"column":28},"end":{"line":44,"column":5}},"line":40},"7":{"name":"(anonymous_7)","decl":{"start":{"line":48,"column":19},"end":{"line":48,"column":20}},"loc":{"start":{"line":48,"column":34},"end":{"line":54,"column":3}},"line":48},"8":{"name":"(anonymous_8)","decl":{"start":{"line":50,"column":22},"end":{"line":50,"column":23}},"loc":{"start":{"line":50,"column":32},"end":{"line":53,"column":5}},"line":50}},"branchMap":{"0":{"loc":{"start":{"line":3,"column":4},"end":{"line":5,"column":5}},"type":"if","locations":[{"start":{"line":3,"column":4},"end":{"line":5,"column":5}},{"start":{},"end":{}}],"line":3},"1":{"loc":{"start":{"line":3,"column":8},"end":{"line":3,"column":58}},"type":"binary-expr","locations":[{"start":{"line":3,"column":8},"end":{"line":3,"column":29}},{"start":{"line":3,"column":33},"end":{"line":3,"column":58}}],"line":3},"2":{"loc":{"start":{"line":10,"column":4},"end":{"line":12,"column":5}},"type":"if","locations":[{"start":{"line":10,"column":4},"end":{"line":12,"column":5}},{"start":{},"end":{}}],"line":10},"3":{"loc":{"start":{"line":17,"column":18},"end":{"line":17,"column":65}},"type":"binary-expr","locations":[{"start":{"line":17,"column":18},"end":{"line":17,"column":59}},{"start":{"line":17,"column":63},"end":{"line":17,"column":65}}],"line":17},"4":{"loc":{"start":{"line":30,"column":18},"end":{"line":30,"column":65}},"type":"binary-expr","locations":[{"start":{"line":30,"column":18},"end":{"line":30,"column":59}},{"start":{"line":30,"column":63},"end":{"line":30,"column":65}}],"line":30},"5":{"loc":{"start":{"line":39,"column":18},"end":{"line":39,"column":65}},"type":"binary-expr","locations":[{"start":{"line":39,"column":18},"end":{"line":39,"column":59}},{"start":{"line":39,"column":63},"end":{"line":39,"column":65}}],"line":39},"6":{"loc":{"start":{"line":41,"column":6},"end":{"line":43,"column":7}},"type":"if","locations":[{"start":{"line":41,"column":6},"end":{"line":43,"column":7}},{"start":{},"end":{}}],"line":41}},"s":{"0":1,"1":0,"2":0,"3":1,"4":0,"5":0,"6":0,"7":1,"8":1,"9":1,"10":1,"11":1,"12":1,"13":1,"14":1,"15":1,"16":1,"17":1,"18":3,"19":1,"20":1,"21":1,"22":1,"23":1,"24":1,"25":1,"26":2,"27":1,"28":1,"29":1,"30":1,"31":1,"32":2,"33":2,"34":1},"f":{"0":0,"1":0,"2":1,"3":1,"4":3,"5":1,"6":2,"7":1,"8":2},"b":{"0":[0,0],"1":[0,0],"2":[0,0],"3":[1,0],"4":[1,0],"5":[1,0],"6":[1,1]},"_coverageSchema":"1a1c01bbd47fc00a2c39e90264f33305004495a9","hash":"e8d66dbefeb50d87911d505fe202f00b803f0bfe"}
,"D:\\All About Programing\\microverse\\WithinMicroverse\\JavaScript and Networking\\Week 2\\day2\\Todo_List\\src\\images\\check.png": {"path":"D:\\All About Programing\\microverse\\WithinMicroverse\\JavaScript and Networking\\Week 2\\day2\\Todo_List\\src\\images\\check.png","statementMap":{"0":{"start":{"line":1,"column":0},"end":{"line":1,"column":19}}},"fnMap":{},"branchMap":{},"s":{"0":1},"f":{},"b":{},"_coverageSchema":"1a1c01bbd47fc00a2c39e90264f33305004495a9","hash":"1c5d23987525bdcfd02ee0f1cb9bddeeb5e644d5"}
}
