TN:
SF:src\changeTaskStatus.js
FN:4,(anonymous_0)
FN:7,(anonymous_1)
FN:15,(anonymous_2)
FN:18,(anonymous_3)
FN:26,(anonymous_4)
FN:28,(anonymous_5)
FN:34,(anonymous_6)
FN:36,(anonymous_7)
FN:41,(anonymous_8)
FN:43,(anonymous_9)
FNF:10
FNH:6
FNDA:1,(anonymous_0)
FNDA:2,(anonymous_1)
FNDA:0,(anonymous_2)
FNDA:0,(anonymous_3)
FNDA:2,(anonymous_4)
FNDA:2,(anonymous_5)
FNDA:2,(anonymous_6)
FNDA:4,(anonymous_7)
FNDA:0,(anonymous_8)
FNDA:0,(anonymous_9)
DA:4,1
DA:5,1
DA:6,1
DA:7,1
DA:8,2
DA:9,1
DA:12,1
DA:15,1
DA:16,0
DA:17,0
DA:18,0
DA:19,0
DA:20,0
DA:23,0
DA:26,1
DA:27,2
DA:28,2
DA:29,2
DA:30,2
DA:34,1
DA:35,2
DA:36,4
DA:37,2
DA:38,2
DA:41,1
DA:42,0
DA:43,0
DA:44,0
DA:45,0
DA:50,1
LF:30
LH:20
BRDA:6,0,0,1
BRDA:6,0,1,0
BRDA:8,1,0,1
BRDA:8,1,1,1
BRDA:17,2,0,0
BRDA:17,2,1,0
BRDA:19,3,0,0
BRDA:19,3,1,0
BRDA:35,4,0,2
BRDA:35,4,1,1
BRF:10
BRH:5
end_of_record
TN:
SF:src\crud.js
FN:2,(anonymous_0)
FN:8,(anonymous_1)
FN:15,(anonymous_2)
FN:28,(anonymous_3)
FN:31,(anonymous_4)
FN:36,(anonymous_5)
FN:40,(anonymous_6)
FN:48,(anonymous_7)
FN:50,(anonymous_8)
FNF:9
FNH:7
FNDA:0,(anonymous_0)
FNDA:0,(anonymous_1)
FNDA:1,(anonymous_2)
FNDA:1,(anonymous_3)
FNDA:3,(anonymous_4)
FNDA:1,(anonymous_5)
FNDA:2,(anonymous_6)
FNDA:1,(anonymous_7)
FNDA:2,(anonymous_8)
DA:2,1
DA:3,0
DA:4,0
DA:8,1
DA:9,0
DA:10,0
DA:11,0
DA:15,1
DA:16,1
DA:17,1
DA:18,1
DA:23,1
DA:24,1
DA:25,1
DA:28,1
DA:29,1
DA:30,1
DA:31,3
DA:32,1
DA:33,1
DA:36,1
DA:37,1
DA:38,1
DA:39,1
DA:40,1
DA:41,2
DA:42,1
DA:45,1
DA:48,1
DA:49,1
DA:50,1
DA:51,2
DA:52,2
DA:57,1
LF:34
LH:29
BRDA:3,0,0,0
BRDA:3,0,1,0
BRDA:3,1,0,0
BRDA:3,1,1,0
BRDA:10,2,0,0
BRDA:10,2,1,0
BRDA:17,3,0,1
BRDA:17,3,1,0
BRDA:30,4,0,1
BRDA:30,4,1,0
BRDA:39,5,0,1
BRDA:39,5,1,0
BRDA:41,6,0,1
BRDA:41,6,1,1
BRF:14
BRH:5
end_of_record
TN:
SF:src\images\check.png
FNF:0
FNH:0
DA:1,1
LF:1
LH:1
BRF:0
BRH:0
end_of_record
